{"/home/eugene/Рабочий стол/testing/unit_testing (JEST)/01_intro/intro.js": {"path":"/home/eugene/Рабочий стол/testing/unit_testing (JEST)/01_intro/intro.js","statementMap":{"0":{"start":{"line":1,"column":12},"end":{"line":1,"column":27}},"1":{"start":{"line":1,"column":22},"end":{"line":1,"column":27}},"2":{"start":{"line":3,"column":19},"end":{"line":3,"column":29}},"3":{"start":{"line":3,"column":25},"end":{"line":3,"column":29}},"4":{"start":{"line":5,"column":0},"end":{"line":5,"column":36}}},"fnMap":{"0":{"name":"(anonymous_0)","decl":{"start":{"line":1,"column":12},"end":{"line":1,"column":13}},"loc":{"start":{"line":1,"column":22},"end":{"line":1,"column":27}},"line":1},"1":{"name":"(anonymous_1)","decl":{"start":{"line":3,"column":19},"end":{"line":3,"column":20}},"loc":{"start":{"line":3,"column":25},"end":{"line":3,"column":29}},"line":3}},"branchMap":{},"s":{"0":1,"1":7,"2":1,"3":5,"4":1},"f":{"0":7,"1":5},"b":{},"_coverageSchema":"1a1c01bbd47fc00a2c39e90264f33305004495a9","hash":"cdec35a9476650a0b399f7349279f9671f16c5a8"}
,"/home/eugene/Рабочий стол/testing/unit_testing (JEST)/02_sync/sync.js": {"path":"/home/eugene/Рабочий стол/testing/unit_testing (JEST)/02_sync/sync.js","statementMap":{"0":{"start":{"line":3,"column":14},"end":{"line":3,"column":51}},"1":{"start":{"line":3,"column":25},"end":{"line":3,"column":51}},"2":{"start":{"line":3,"column":45},"end":{"line":3,"column":50}},"3":{"start":{"line":5,"column":14},"end":{"line":11,"column":10}},"4":{"start":{"line":5,"column":31},"end":{"line":11,"column":10}},"5":{"start":{"line":7,"column":20},"end":{"line":7,"column":66}},"6":{"start":{"line":8,"column":8},"end":{"line":8,"column":36}},"7":{"start":{"line":8,"column":23},"end":{"line":8,"column":36}},"8":{"start":{"line":9,"column":8},"end":{"line":9,"column":24}},"9":{"start":{"line":10,"column":8},"end":{"line":10,"column":18}},"10":{"start":{"line":15,"column":0},"end":{"line":15,"column":23}}},"fnMap":{"0":{"name":"(anonymous_0)","decl":{"start":{"line":3,"column":14},"end":{"line":3,"column":15}},"loc":{"start":{"line":3,"column":25},"end":{"line":3,"column":51}},"line":3},"1":{"name":"(anonymous_1)","decl":{"start":{"line":3,"column":38},"end":{"line":3,"column":39}},"loc":{"start":{"line":3,"column":45},"end":{"line":3,"column":50}},"line":3},"2":{"name":"(anonymous_2)","decl":{"start":{"line":5,"column":14},"end":{"line":5,"column":15}},"loc":{"start":{"line":5,"column":31},"end":{"line":11,"column":10}},"line":5},"3":{"name":"(anonymous_3)","decl":{"start":{"line":5,"column":44},"end":{"line":5,"column":45}},"loc":{"start":{"line":5,"column":56},"end":{"line":11,"column":5}},"line":5}},"branchMap":{"0":{"loc":{"start":{"line":7,"column":20},"end":{"line":7,"column":66}},"type":"cond-expr","locations":[{"start":{"line":7,"column":49},"end":{"line":7,"column":56}},{"start":{"line":7,"column":59},"end":{"line":7,"column":66}}],"line":7},"1":{"loc":{"start":{"line":8,"column":8},"end":{"line":8,"column":36}},"type":"if","locations":[{"start":{"line":8,"column":8},"end":{"line":8,"column":36}},{"start":{},"end":{}}],"line":8}},"s":{"0":2,"1":5,"2":35,"3":2,"4":3,"5":7,"6":7,"7":5,"8":7,"9":7,"10":1},"f":{"0":5,"1":35,"2":3,"3":7},"b":{"0":[4,3],"1":[5,2]},"_coverageSchema":"1a1c01bbd47fc00a2c39e90264f33305004495a9","hash":"f3f36aa24977545ea4023e8ad17c90002256915b"}
,"/home/eugene/Рабочий стол/testing/unit_testing (JEST)/03_async/async.js": {"path":"/home/eugene/Рабочий стол/testing/unit_testing (JEST)/03_async/async.js","statementMap":{"0":{"start":{"line":3,"column":18},"end":{"line":8,"column":10}},"1":{"start":{"line":4,"column":8},"end":{"line":8,"column":10}},"2":{"start":{"line":5,"column":12},"end":{"line":7,"column":50}},"3":{"start":{"line":5,"column":29},"end":{"line":7,"column":44}},"4":{"start":{"line":12,"column":0},"end":{"line":12,"column":21}}},"fnMap":{"0":{"name":"(anonymous_0)","decl":{"start":{"line":3,"column":18},"end":{"line":3,"column":19}},"loc":{"start":{"line":4,"column":8},"end":{"line":8,"column":10}},"line":4},"1":{"name":"(anonymous_1)","decl":{"start":{"line":4,"column":21},"end":{"line":4,"column":22}},"loc":{"start":{"line":5,"column":12},"end":{"line":7,"column":50}},"line":5},"2":{"name":"(anonymous_2)","decl":{"start":{"line":5,"column":23},"end":{"line":5,"column":24}},"loc":{"start":{"line":5,"column":29},"end":{"line":7,"column":44}},"line":5}},"branchMap":{"0":{"loc":{"start":{"line":5,"column":29},"end":{"line":7,"column":44}},"type":"cond-expr","locations":[{"start":{"line":6,"column":18},"end":{"line":6,"column":31}},{"start":{"line":7,"column":18},"end":{"line":7,"column":44}}],"line":5}},"s":{"0":1,"1":4,"2":4,"3":4,"4":1},"f":{"0":4,"1":4,"2":4},"b":{"0":[2,2]},"_coverageSchema":"1a1c01bbd47fc00a2c39e90264f33305004495a9","hash":"42fffedb015e06be2dd96de10d3658762e296af4"}
,"/home/eugene/Рабочий стол/testing/unit_testing (JEST)/04_mock/mock.js": {"path":"/home/eugene/Рабочий стол/testing/unit_testing (JEST)/04_mock/mock.js","statementMap":{"0":{"start":{"line":1,"column":14},"end":{"line":1,"column":30}},"1":{"start":{"line":5,"column":19},"end":{"line":5,"column":21}},"2":{"start":{"line":6,"column":4},"end":{"line":6,"column":74}},"3":{"start":{"line":6,"column":17},"end":{"line":6,"column":18}},"4":{"start":{"line":6,"column":43},"end":{"line":6,"column":74}},"5":{"start":{"line":7,"column":4},"end":{"line":7,"column":17}},"6":{"start":{"line":12,"column":8},"end":{"line":13,"column":36}},"7":{"start":{"line":12,"column":14},"end":{"line":12,"column":83}},"8":{"start":{"line":13,"column":20},"end":{"line":13,"column":34}},"9":{"start":{"line":16,"column":0},"end":{"line":16,"column":31}}},"fnMap":{"0":{"name":"map","decl":{"start":{"line":4,"column":9},"end":{"line":4,"column":12}},"loc":{"start":{"line":4,"column":30},"end":{"line":8,"column":1}},"line":4},"1":{"name":"(anonymous_1)","decl":{"start":{"line":11,"column":4},"end":{"line":11,"column":5}},"loc":{"start":{"line":11,"column":24},"end":{"line":14,"column":5}},"line":11}},"branchMap":{},"s":{"0":1,"1":4,"2":4,"3":4,"4":16,"5":4,"6":1,"7":1,"8":0,"9":1},"f":{"0":4,"1":1},"b":{},"_coverageSchema":"1a1c01bbd47fc00a2c39e90264f33305004495a9","hash":"c689600a60bf8f8b3b6d6b729f3fa8d3fbf0b41a"}
}
