TN:
SF:01_intro/intro.js
FN:1,(anonymous_0)
FN:3,(anonymous_1)
FNF:2
FNH:2
FNDA:7,(anonymous_0)
FNDA:5,(anonymous_1)
DA:1,7
DA:3,5
DA:5,1
LF:3
LH:3
BRF:0
BRH:0
end_of_record
TN:
SF:02_sync/sync.js
FN:3,(anonymous_0)
FN:3,(anonymous_1)
FN:5,(anonymous_2)
FN:5,(anonymous_3)
FNF:4
FNH:4
FNDA:5,(anonymous_0)
FNDA:35,(anonymous_1)
FNDA:3,(anonymous_2)
FNDA:7,(anonymous_3)
DA:3,35
DA:5,3
DA:7,7
DA:8,7
DA:9,7
DA:10,7
DA:15,1
LF:7
LH:7
BRDA:7,0,0,4
BRDA:7,0,1,3
BRDA:8,1,0,5
BRDA:8,1,1,2
BRF:4
BRH:4
end_of_record
TN:
SF:03_async/async.js
FN:3,(anonymous_0)
FN:4,(anonymous_1)
FN:5,(anonymous_2)
FNF:3
FNH:3
FNDA:4,(anonymous_0)
FNDA:4,(anonymous_1)
FNDA:4,(anonymous_2)
DA:3,1
DA:4,4
DA:5,4
DA:12,1
LF:4
LH:4
BRDA:5,0,0,2
BRDA:5,0,1,2
BRF:2
BRH:2
end_of_record
TN:
SF:04_mock/mock.js
FN:4,map
FN:11,(anonymous_1)
FNF:2
FNH:2
FNDA:4,map
FNDA:1,(anonymous_1)
DA:1,1
DA:5,4
DA:6,16
DA:7,4
DA:12,1
DA:13,0
DA:16,1
LF:7
LH:6
BRF:0
BRH:0
end_of_record
